v:\fakultet\cetvrta godina\zimski\racunarska grafika\projekat\kostur\kostur\x64\debug\vc143.pdb
v:\fakultet\cetvrta godina\zimski\racunarska grafika\projekat\kostur\kostur\x64\debug\vc143.idb
v:\fakultet\cetvrta godina\zimski\racunarska grafika\projekat\kostur\kostur\x64\debug\util.obj
v:\fakultet\cetvrta godina\zimski\racunarska grafika\projekat\kostur\kostur\x64\debug\main.obj
v:\fakultet\cetvrta godina\zimski\racunarska grafika\projekat\kostur\x64\debug\basic.frag
v:\fakultet\cetvrta godina\zimski\racunarska grafika\projekat\kostur\x64\debug\basic.vert
v:\fakultet\cetvrta godina\zimski\racunarska grafika\projekat\kostur\x64\debug\kostur.exe
v:\fakultet\cetvrta godina\zimski\racunarska grafika\projekat\kostur\x64\debug\kostur.pdb
v:\fakultet\cetvrta godina\zimski\racunarska grafika\projekat\kostur\kostur\x64\debug\kostur.ilk
v:\fakultet\cetvrta godina\zimski\racunarska grafika\projekat\kostur\kostur\x64\debug\kostur.tlog\cl.command.1.tlog
v:\fakultet\cetvrta godina\zimski\racunarska grafika\projekat\kostur\kostur\x64\debug\kostur.tlog\cl.items.tlog
v:\fakultet\cetvrta godina\zimski\racunarska grafika\projekat\kostur\kostur\x64\debug\kostur.tlog\cl.read.1.tlog
v:\fakultet\cetvrta godina\zimski\racunarska grafika\projekat\kostur\kostur\x64\debug\kostur.tlog\cl.write.1.tlog
v:\fakultet\cetvrta godina\zimski\racunarska grafika\projekat\kostur\kostur\x64\debug\kostur.tlog\copyfile.command.1.tlog
v:\fakultet\cetvrta godina\zimski\racunarska grafika\projekat\kostur\kostur\x64\debug\kostur.tlog\copyfile.read.1.tlog
v:\fakultet\cetvrta godina\zimski\racunarska grafika\projekat\kostur\kostur\x64\debug\kostur.tlog\copyfile.write.1.tlog
v:\fakultet\cetvrta godina\zimski\racunarska grafika\projekat\kostur\kostur\x64\debug\kostur.tlog\link.command.1.tlog
v:\fakultet\cetvrta godina\zimski\racunarska grafika\projekat\kostur\kostur\x64\debug\kostur.tlog\link.read.1.tlog
v:\fakultet\cetvrta godina\zimski\racunarska grafika\projekat\kostur\kostur\x64\debug\kostur.tlog\link.secondary.1.tlog
v:\fakultet\cetvrta godina\zimski\racunarska grafika\projekat\kostur\kostur\x64\debug\kostur.tlog\link.write.1.tlog
